<?xml version="1.0" encoding="UTF-8" ?>
<testsuite tests="4" failures="0" name="org.cap.test.bankapp.BankAppTestCase" time="0.005" errors="0" skipped="1">
  <properties>
    <property name="java.runtime.name" value="OpenJDK Runtime Environment"/>
    <property name="java.vm.version" value="15+36"/>
    <property name="sun.boot.library.path" value="C:\Program Files\AdoptOpenJDK\jdk-15.0.0.36-hotspot\bin"/>
    <property name="maven.multiModuleProjectDirectory" value="C:\Users\PJADEJA\git\bankrepo\Day1-BankApp"/>
    <property name="java.vm.vendor" value="AdoptOpenJDK"/>
    <property name="java.vendor.url" value="https://adoptopenjdk.net/"/>
    <property name="guice.disable.misplaced.annotation.check" value="true"/>
    <property name="path.separator" value=";"/>
    <property name="java.vm.name" value="OpenJDK 64-Bit Server VM"/>
    <property name="sun.os.patch.level" value=""/>
    <property name="user.script" value=""/>
    <property name="user.country" value="IN"/>
    <property name="sun.java.launcher" value="SUN_STANDARD"/>
    <property name="java.vm.specification.name" value="Java Virtual Machine Specification"/>
    <property name="user.dir" value="C:\Users\PJADEJA\git\bankrepo\Day1-BankApp"/>
    <property name="java.vm.compressedOopsMode" value="Zero based"/>
    <property name="java.runtime.version" value="15+36"/>
    <property name="os.arch" value="amd64"/>
    <property name="java.io.tmpdir" value="C:\Users\PJADEJA\AppData\Local\Temp\"/>
    <property name="line.separator" value="
"/>
    <property name="java.vm.specification.vendor" value="Oracle Corporation"/>
    <property name="user.variant" value=""/>
    <property name="os.name" value="Windows 10"/>
    <property name="classworlds.conf" value="C:\Users\PJADEJA\Documents\springprograms\Bankrepo\.metadata\.plugins\org.eclipse.m2e.launching\launches\m2conf4854408634783843816.tmp"/>
    <property name="jansi.force" value="true"/>
    <property name="sun.jnu.encoding" value="Cp1252"/>
    <property name="java.library.path" value="C:\Program Files\AdoptOpenJDK\jdk-15.0.0.36-hotspot\bin;C:\WINDOWS\Sun\Java\bin;C:\WINDOWS\system32;C:\WINDOWS;C:/Users/PJADEJA/Downloads/spring-tool-suite-4-4.11.0.RELEASE-e4.20.0-win32.win32.x86_64.self-extracting/sts-4.11.0.RELEASE//plugins/org.eclipse.justj.openjdk.hotspot.jre.full.win32.x86_64_16.0.1.v20210528-1205/jre/bin/server;C:/Users/PJADEJA/Downloads/spring-tool-suite-4-4.11.0.RELEASE-e4.20.0-win32.win32.x86_64.self-extracting/sts-4.11.0.RELEASE//plugins/org.eclipse.justj.openjdk.hotspot.jre.full.win32.x86_64_16.0.1.v20210528-1205/jre/bin;C:\Program Files (x86)\Python38-32\Scripts\;C:\Program Files (x86)\Python38-32\;C:\Program Files\AdoptOpenJDK\jdk-15.0.0.36-hotspot\bin;C:\WINDOWS\system32;C:\WINDOWS;C:\WINDOWS\System32\Wbem;C:\WINDOWS\System32\WindowsPowerShell\v1.0\;C:\WINDOWS\System32\OpenSSH\;C:\Program Files\dotnet\;C:\Users\PJADEJA\AppData\Local\Microsoft\WindowsApps;C:\Users\PJADEJA\AppData\Local\Programs\Git\cmd;C:\Program Files\AdoptOpenJDK\jdk-15.0.0.36-hotspot\bin\java.exe\bin;C:\Maven\apache-maven-3.8.1-bin\apache-maven-3.8.1\bin;C:\Users\PJADEJA\Downloads\gradle-7.1-all\gradle-7.1\bin;;C:\Users\PJADEJA\Downloads\spring-tool-suite-4-4.11.0.RELEASE-e4.20.0-win32.win32.x86_64.self-extracting\sts-4.11.0.RELEASE;;."/>
    <property name="jansi.passthrough" value="true"/>
    <property name="jdk.debug" value="release"/>
    <property name="java.class.version" value="59.0"/>
    <property name="java.specification.name" value="Java Platform API Specification"/>
    <property name="sun.management.compiler" value="HotSpot 64-Bit Tiered Compilers"/>
    <property name="os.version" value="10.0"/>
    <property name="user.home" value="C:\Users\PJADEJA"/>
    <property name="user.timezone" value="Asia/Calcutta"/>
    <property name="file.encoding" value="Cp1252"/>
    <property name="java.specification.version" value="15"/>
    <property name="user.name" value="pjadeja"/>
    <property name="java.class.path" value="C:\Users\PJADEJA\Downloads\spring-tool-suite-4-4.11.0.RELEASE-e4.20.0-win32.win32.x86_64.self-extracting\sts-4.11.0.RELEASE\plugins\org.eclipse.m2e.maven.runtime_1.18.0.20210603-1206\jars\plexus-classworlds-2.6.0.jar"/>
    <property name="java.vm.specification.version" value="15"/>
    <property name="sun.arch.data.model" value="64"/>
    <property name="sun.java.command" value="org.codehaus.plexus.classworlds.launcher.Launcher -B test -Dstyle.color=always"/>
    <property name="java.home" value="C:\Program Files\AdoptOpenJDK\jdk-15.0.0.36-hotspot"/>
    <property name="user.language" value="en"/>
    <property name="java.specification.vendor" value="Oracle Corporation"/>
    <property name="java.vm.info" value="mixed mode, sharing"/>
    <property name="java.version" value="15"/>
    <property name="java.vendor" value="AdoptOpenJDK"/>
    <property name="maven.home" value="C:\Users\PJADEJA\git\bankrepo\Day1-BankApp\EMBEDDED"/>
    <property name="style.color" value="always"/>
    <property name="file.separator" value="\"/>
    <property name="java.version.date" value="2020-09-15"/>
    <property name="java.vendor.url.bug" value="https://github.com/AdoptOpenJDK/openjdk-support/issues"/>
    <property name="sun.io.unicode.encoding" value="UnicodeLittle"/>
    <property name="sun.cpu.endian" value="little"/>
    <property name="java.vendor.version" value="AdoptOpenJDK"/>
    <property name="sun.cpu.isalist" value="amd64"/>
  </properties>
  <testcase classname="org.cap.test.bankapp.BankAppTestCase" name="test_add_numbers_method" time="0.002"/>
  <testcase classname="org.cap.test.bankapp.BankAppTestCase" name="test_add_Account_with_null_customer" time="0.001"/>
  <testcase classname="org.cap.test.bankapp.BankAppTestCase" name="test_myloop" time="0.002">
    <skipped/>
  </testcase>
  <testcase classname="org.cap.test.bankapp.BankAppTestCase" name="test_add_Account_with_null_low_balance" time="0"/>
</testsuite>